2026-03-12T17:52:33.509+07:00  INFO 21236 --- [management] [restartedMain] v.d.management.ManagementApplication     : Starting ManagementApplication using Java 25.0.2 with PID 21236 (S:\management\target\classes started by Son Lam in S:\management)
2026-03-12T17:52:33.514+07:00 DEBUG 21236 --- [management] [restartedMain] v.d.management.ManagementApplication     : Running with Spring Boot v3.5.11, Spring v6.2.16
2026-03-12T17:52:33.515+07:00  INFO 21236 --- [management] [restartedMain] v.d.management.ManagementApplication     : No active profile set, falling back to 1 default profile: "default"
2026-03-12T17:52:33.559+07:00  INFO 21236 --- [management] [restartedMain] .e.DevToolsPropertyDefaultsPostProcessor : Devtools property defaults active! Set 'spring.devtools.add-properties' to 'false' to disable
2026-03-12T17:52:33.560+07:00  INFO 21236 --- [management] [restartedMain] .e.DevToolsPropertyDefaultsPostProcessor : For additional web related logging consider setting the 'logging.level.web' property to 'DEBUG'
2026-03-12T17:52:34.296+07:00  INFO 21236 --- [management] [restartedMain] .s.d.r.c.RepositoryConfigurationDelegate : Bootstrapping Spring Data JPA repositories in DEFAULT mode.
2026-03-12T17:52:34.362+07:00  INFO 21236 --- [management] [restartedMain] .s.d.r.c.RepositoryConfigurationDelegate : Finished Spring Data repository scanning in 57 ms. Found 11 JPA repository interfaces.
2026-03-12T17:52:34.939+07:00  INFO 21236 --- [management] [restartedMain] o.s.b.w.embedded.tomcat.TomcatWebServer  : Tomcat initialized with port 8080 (http)
2026-03-12T17:52:34.954+07:00  INFO 21236 --- [management] [restartedMain] o.apache.catalina.core.StandardService   : Starting service [Tomcat]
2026-03-12T17:52:34.955+07:00  INFO 21236 --- [management] [restartedMain] o.apache.catalina.core.StandardEngine    : Starting Servlet engine: [Apache Tomcat/10.1.52]
2026-03-12T17:52:34.992+07:00  INFO 21236 --- [management] [restartedMain] o.a.c.c.C.[.[localhost].[/api/v1]        : Initializing Spring embedded WebApplicationContext
2026-03-12T17:52:34.993+07:00  INFO 21236 --- [management] [restartedMain] w.s.c.ServletWebServerApplicationContext : Root WebApplicationContext: initialization completed in 1432 ms
2026-03-12T17:52:35.178+07:00  INFO 21236 --- [management] [restartedMain] o.hibernate.jpa.internal.util.LogHelper  : HHH000204: Processing PersistenceUnitInfo [name: default]
2026-03-12T17:52:35.228+07:00  INFO 21236 --- [management] [restartedMain] org.hibernate.Version                    : HHH000412: Hibernate ORM core version 6.6.42.Final
2026-03-12T17:52:35.256+07:00  INFO 21236 --- [management] [restartedMain] o.h.c.internal.RegionFactoryInitiator    : HHH000026: Second-level cache disabled
2026-03-12T17:52:35.481+07:00  INFO 21236 --- [management] [restartedMain] o.s.o.j.p.SpringPersistenceUnitInfo      : No LoadTimeWeaver setup: ignoring JPA class transformer
2026-03-12T17:52:35.507+07:00  INFO 21236 --- [management] [restartedMain] com.zaxxer.hikari.HikariDataSource       : HikariPool-1 - Starting...
2026-03-12T17:52:35.800+07:00  INFO 21236 --- [management] [restartedMain] com.zaxxer.hikari.pool.HikariPool        : HikariPool-1 - Added connection com.mysql.cj.jdbc.ConnectionImpl@161e4c5
2026-03-12T17:52:35.802+07:00  INFO 21236 --- [management] [restartedMain] com.zaxxer.hikari.HikariDataSource       : HikariPool-1 - Start completed.
2026-03-12T17:52:35.848+07:00  WARN 21236 --- [management] [restartedMain] org.hibernate.orm.deprecation            : HHH90000025: MySQLDialect does not need to be specified explicitly using 'hibernate.dialect' (remove the property setting and it will be selected by default)
2026-03-12T17:52:35.863+07:00  INFO 21236 --- [management] [restartedMain] org.hibernate.orm.connections.pooling    : HHH10001005: Database info:
	Database JDBC URL [Connecting through datasource 'HikariDataSource (HikariPool-1)']
	Database driver: undefined/unknown
	Database version: 8.0.45
	Autocommit mode: undefined/unknown
	Isolation level: undefined/unknown
	Minimum pool size: undefined/unknown
	Maximum pool size: undefined/unknown
2026-03-12T17:52:36.629+07:00  INFO 21236 --- [management] [restartedMain] o.h.e.t.j.p.i.JtaPlatformInitiator       : HHH000489: No JTA platform available (set 'hibernate.transaction.jta.platform' to enable JTA platform integration)
2026-03-12T17:52:36.724+07:00  INFO 21236 --- [management] [restartedMain] j.LocalContainerEntityManagerFactoryBean : Initialized JPA EntityManagerFactory for persistence unit 'default'
2026-03-12T17:52:36.960+07:00  INFO 21236 --- [management] [restartedMain] o.s.d.j.r.query.QueryEnhancerFactory     : Hibernate is in classpath; If applicable, HQL parser will be used.
2026-03-12T17:52:37.652+07:00  WARN 21236 --- [management] [restartedMain] JpaBaseConfiguration$JpaWebConfiguration : spring.jpa.open-in-view is enabled by default. Therefore, database queries may be performed during view rendering. Explicitly configure spring.jpa.open-in-view to disable this warning
2026-03-12T17:52:37.787+07:00  INFO 21236 --- [management] [restartedMain] r$InitializeUserDetailsManagerConfigurer : Global AuthenticationManager configured with UserDetailsService bean with name userDetailsServiceImpl
2026-03-12T17:52:37.926+07:00 DEBUG 21236 --- [management] [restartedMain] o.s.s.web.DefaultSecurityFilterChain     : Will secure any request with filters: DisableEncodeUrlFilter, WebAsyncManagerIntegrationFilter, SecurityContextHolderFilter, HeaderWriterFilter, CorsFilter, LogoutFilter, BearerTokenAuthenticationFilter, AuthenticationFilter, RequestCacheAwareFilter, SecurityContextHolderAwareRequestFilter, AnonymousAuthenticationFilter, SessionManagementFilter, ExceptionTranslationFilter, AuthorizationFilter
2026-03-12T17:52:38.160+07:00  INFO 21236 --- [management] [restartedMain] o.s.b.d.a.OptionalLiveReloadServer       : LiveReload server is running on port 35729
2026-03-12T17:52:38.181+07:00  INFO 21236 --- [management] [restartedMain] o.s.b.w.embedded.tomcat.TomcatWebServer  : Tomcat started on port 8080 (http) with context path '/api/v1'
2026-03-12T17:52:38.189+07:00  INFO 21236 --- [management] [restartedMain] v.d.management.ManagementApplication     : Started ManagementApplication in 5.042 seconds (process running for 5.379)
2026-03-12T17:52:45.230+07:00  INFO 21236 --- [management] [http-nio-8080-exec-1] o.apache.tomcat.util.http.parser.Cookie  : A cookie header was received [g_state={"i_l":0,"i_ll":1765727942556,"i_b":"j9ZPCi/BFGtPaAg+bX7A+n/y2L2x8NtBB2MD+YFlupw","i_e":{"enable_itp_optimization":0}}] that contained an invalid cookie. That cookie will be ignored.
 Note: further occurrences of this error will be logged at DEBUG level.
2026-03-12T17:52:45.234+07:00  INFO 21236 --- [management] [http-nio-8080-exec-3] o.a.c.c.C.[.[localhost].[/api/v1]        : Initializing Spring DispatcherServlet 'dispatcherServlet'
2026-03-12T17:52:45.234+07:00  INFO 21236 --- [management] [http-nio-8080-exec-3] o.s.web.servlet.DispatcherServlet        : Initializing Servlet 'dispatcherServlet'
2026-03-12T17:52:45.235+07:00  INFO 21236 --- [management] [http-nio-8080-exec-3] o.s.web.servlet.DispatcherServlet        : Completed initialization in 1 ms
2026-03-12T17:52:45.248+07:00 DEBUG 21236 --- [management] [http-nio-8080-exec-1] o.s.security.web.FilterChainProxy        : Securing POST /auth/refresh
2026-03-12T17:52:45.248+07:00 DEBUG 21236 --- [management] [http-nio-8080-exec-3] o.s.security.web.FilterChainProxy        : Securing POST /auth/refresh
2026-03-12T17:52:45.266+07:00 DEBUG 21236 --- [management] [http-nio-8080-exec-1] o.s.s.w.a.AnonymousAuthenticationFilter  : Set SecurityContextHolder to anonymous SecurityContext
2026-03-12T17:52:45.266+07:00 DEBUG 21236 --- [management] [http-nio-8080-exec-3] o.s.s.w.a.AnonymousAuthenticationFilter  : Set SecurityContextHolder to anonymous SecurityContext
2026-03-12T17:52:45.268+07:00 DEBUG 21236 --- [management] [http-nio-8080-exec-1] o.s.security.web.FilterChainProxy        : Secured POST /auth/refresh
2026-03-12T17:52:45.268+07:00 DEBUG 21236 --- [management] [http-nio-8080-exec-3] o.s.security.web.FilterChainProxy        : Secured POST /auth/refresh
2026-03-12T17:52:45.331+07:00 DEBUG 21236 --- [management] [http-nio-8080-exec-2] o.s.security.web.FilterChainProxy        : Securing POST /auth/refresh
2026-03-12T17:52:45.332+07:00 DEBUG 21236 --- [management] [http-nio-8080-exec-2] o.s.s.w.a.AnonymousAuthenticationFilter  : Set SecurityContextHolder to anonymous SecurityContext
2026-03-12T17:52:45.332+07:00 DEBUG 21236 --- [management] [http-nio-8080-exec-2] o.s.security.web.FilterChainProxy        : Secured POST /auth/refresh
2026-03-12T17:53:02.712+07:00 DEBUG 21236 --- [management] [http-nio-8080-exec-4] o.s.security.web.FilterChainProxy        : Securing POST /auth/refresh
2026-03-12T17:53:02.712+07:00 DEBUG 21236 --- [management] [http-nio-8080-exec-5] o.s.security.web.FilterChainProxy        : Securing POST /auth/refresh
2026-03-12T17:53:02.713+07:00 DEBUG 21236 --- [management] [http-nio-8080-exec-4] o.s.s.w.a.AnonymousAuthenticationFilter  : Set SecurityContextHolder to anonymous SecurityContext
2026-03-12T17:53:02.713+07:00 DEBUG 21236 --- [management] [http-nio-8080-exec-5] o.s.s.w.a.AnonymousAuthenticationFilter  : Set SecurityContextHolder to anonymous SecurityContext
2026-03-12T17:53:02.714+07:00 DEBUG 21236 --- [management] [http-nio-8080-exec-4] o.s.security.web.FilterChainProxy        : Secured POST /auth/refresh
2026-03-12T17:53:02.714+07:00 DEBUG 21236 --- [management] [http-nio-8080-exec-5] o.s.security.web.FilterChainProxy        : Secured POST /auth/refresh
2026-03-12T17:53:02.726+07:00 DEBUG 21236 --- [management] [http-nio-8080-exec-6] o.s.security.web.FilterChainProxy        : Securing POST /auth/refresh
2026-03-12T17:53:02.726+07:00 DEBUG 21236 --- [management] [http-nio-8080-exec-6] o.s.s.w.a.AnonymousAuthenticationFilter  : Set SecurityContextHolder to anonymous SecurityContext
2026-03-12T17:53:02.727+07:00 DEBUG 21236 --- [management] [http-nio-8080-exec-6] o.s.security.web.FilterChainProxy        : Secured POST /auth/refresh
2026-03-12T17:53:06.032+07:00 DEBUG 21236 --- [management] [http-nio-8080-exec-7] o.s.security.web.FilterChainProxy        : Securing POST /auth/refresh
2026-03-12T17:53:06.032+07:00 DEBUG 21236 --- [management] [http-nio-8080-exec-8] o.s.security.web.FilterChainProxy        : Securing POST /auth/refresh
2026-03-12T17:53:06.034+07:00 DEBUG 21236 --- [management] [http-nio-8080-exec-8] o.s.s.w.a.AnonymousAuthenticationFilter  : Set SecurityContextHolder to anonymous SecurityContext
2026-03-12T17:53:06.034+07:00 DEBUG 21236 --- [management] [http-nio-8080-exec-7] o.s.s.w.a.AnonymousAuthenticationFilter  : Set SecurityContextHolder to anonymous SecurityContext
2026-03-12T17:53:06.034+07:00 DEBUG 21236 --- [management] [http-nio-8080-exec-8] o.s.security.web.FilterChainProxy        : Secured POST /auth/refresh
2026-03-12T17:53:06.035+07:00 DEBUG 21236 --- [management] [http-nio-8080-exec-7] o.s.security.web.FilterChainProxy        : Secured POST /auth/refresh
2026-03-12T17:53:06.053+07:00 DEBUG 21236 --- [management] [http-nio-8080-exec-9] o.s.security.web.FilterChainProxy        : Securing POST /auth/refresh
2026-03-12T17:53:06.054+07:00 DEBUG 21236 --- [management] [http-nio-8080-exec-9] o.s.s.w.a.AnonymousAuthenticationFilter  : Set SecurityContextHolder to anonymous SecurityContext
2026-03-12T17:53:06.054+07:00 DEBUG 21236 --- [management] [http-nio-8080-exec-9] o.s.security.web.FilterChainProxy        : Secured POST /auth/refresh
2026-03-12T17:53:41.546+07:00 DEBUG 21236 --- [management] [http-nio-8080-exec-3] o.s.security.web.FilterChainProxy        : Securing POST /auth/refresh
2026-03-12T17:53:41.546+07:00 DEBUG 21236 --- [management] [http-nio-8080-exec-10] o.s.security.web.FilterChainProxy        : Securing POST /auth/refresh
2026-03-12T17:53:41.548+07:00 DEBUG 21236 --- [management] [http-nio-8080-exec-10] o.s.s.w.a.AnonymousAuthenticationFilter  : Set SecurityContextHolder to anonymous SecurityContext
2026-03-12T17:53:41.548+07:00 DEBUG 21236 --- [management] [http-nio-8080-exec-3] o.s.s.w.a.AnonymousAuthenticationFilter  : Set SecurityContextHolder to anonymous SecurityContext
2026-03-12T17:53:41.549+07:00 DEBUG 21236 --- [management] [http-nio-8080-exec-10] o.s.security.web.FilterChainProxy        : Secured POST /auth/refresh
2026-03-12T17:53:41.550+07:00 DEBUG 21236 --- [management] [http-nio-8080-exec-3] o.s.security.web.FilterChainProxy        : Secured POST /auth/refresh
2026-03-12T17:53:41.570+07:00 DEBUG 21236 --- [management] [http-nio-8080-exec-1] o.s.security.web.FilterChainProxy        : Securing POST /auth/refresh
2026-03-12T17:53:41.571+07:00 DEBUG 21236 --- [management] [http-nio-8080-exec-1] o.s.s.w.a.AnonymousAuthenticationFilter  : Set SecurityContextHolder to anonymous SecurityContext
2026-03-12T17:53:41.571+07:00 DEBUG 21236 --- [management] [http-nio-8080-exec-1] o.s.security.web.FilterChainProxy        : Secured POST /auth/refresh
2026-03-12T17:53:42.097+07:00 DEBUG 21236 --- [management] [http-nio-8080-exec-4] o.s.security.web.FilterChainProxy        : Securing POST /auth/refresh
2026-03-12T17:53:42.097+07:00 DEBUG 21236 --- [management] [http-nio-8080-exec-2] o.s.security.web.FilterChainProxy        : Securing POST /auth/refresh
2026-03-12T17:53:42.098+07:00 DEBUG 21236 --- [management] [http-nio-8080-exec-4] o.s.s.w.a.AnonymousAuthenticationFilter  : Set SecurityContextHolder to anonymous SecurityContext
2026-03-12T17:53:42.098+07:00 DEBUG 21236 --- [management] [http-nio-8080-exec-2] o.s.s.w.a.AnonymousAuthenticationFilter  : Set SecurityContextHolder to anonymous SecurityContext
2026-03-12T17:53:42.098+07:00 DEBUG 21236 --- [management] [http-nio-8080-exec-4] o.s.security.web.FilterChainProxy        : Secured POST /auth/refresh
2026-03-12T17:53:42.098+07:00 DEBUG 21236 --- [management] [http-nio-8080-exec-2] o.s.security.web.FilterChainProxy        : Secured POST /auth/refresh
2026-03-12T17:53:42.124+07:00 DEBUG 21236 --- [management] [http-nio-8080-exec-5] o.s.security.web.FilterChainProxy        : Securing POST /auth/refresh
2026-03-12T17:53:42.125+07:00 DEBUG 21236 --- [management] [http-nio-8080-exec-5] o.s.s.w.a.AnonymousAuthenticationFilter  : Set SecurityContextHolder to anonymous SecurityContext
2026-03-12T17:53:42.125+07:00 DEBUG 21236 --- [management] [http-nio-8080-exec-5] o.s.security.web.FilterChainProxy        : Secured POST /auth/refresh
2026-03-12T17:53:42.464+07:00 DEBUG 21236 --- [management] [http-nio-8080-exec-7] o.s.security.web.FilterChainProxy        : Securing POST /auth/refresh
2026-03-12T17:53:42.464+07:00 DEBUG 21236 --- [management] [http-nio-8080-exec-6] o.s.security.web.FilterChainProxy        : Securing POST /auth/refresh
2026-03-12T17:53:42.465+07:00 DEBUG 21236 --- [management] [http-nio-8080-exec-6] o.s.s.w.a.AnonymousAuthenticationFilter  : Set SecurityContextHolder to anonymous SecurityContext
2026-03-12T17:53:42.465+07:00 DEBUG 21236 --- [management] [http-nio-8080-exec-7] o.s.s.w.a.AnonymousAuthenticationFilter  : Set SecurityContextHolder to anonymous SecurityContext
2026-03-12T17:53:42.465+07:00 DEBUG 21236 --- [management] [http-nio-8080-exec-6] o.s.security.web.FilterChainProxy        : Secured POST /auth/refresh
2026-03-12T17:53:42.465+07:00 DEBUG 21236 --- [management] [http-nio-8080-exec-7] o.s.security.web.FilterChainProxy        : Secured POST /auth/refresh
2026-03-12T17:53:42.483+07:00 DEBUG 21236 --- [management] [http-nio-8080-exec-8] o.s.security.web.FilterChainProxy        : Securing POST /auth/refresh
2026-03-12T17:53:42.484+07:00 DEBUG 21236 --- [management] [http-nio-8080-exec-8] o.s.s.w.a.AnonymousAuthenticationFilter  : Set SecurityContextHolder to anonymous SecurityContext
2026-03-12T17:53:42.485+07:00 DEBUG 21236 --- [management] [http-nio-8080-exec-8] o.s.security.web.FilterChainProxy        : Secured POST /auth/refresh
2026-03-12T17:53:42.625+07:00 DEBUG 21236 --- [management] [http-nio-8080-exec-3] o.s.security.web.FilterChainProxy        : Securing POST /auth/refresh
2026-03-12T17:53:42.625+07:00 DEBUG 21236 --- [management] [http-nio-8080-exec-9] o.s.security.web.FilterChainProxy        : Securing POST /auth/refresh
2026-03-12T17:53:42.626+07:00 DEBUG 21236 --- [management] [http-nio-8080-exec-3] o.s.s.w.a.AnonymousAuthenticationFilter  : Set SecurityContextHolder to anonymous SecurityContext
2026-03-12T17:53:42.626+07:00 DEBUG 21236 --- [management] [http-nio-8080-exec-9] o.s.s.w.a.AnonymousAuthenticationFilter  : Set SecurityContextHolder to anonymous SecurityContext
2026-03-12T17:53:42.627+07:00 DEBUG 21236 --- [management] [http-nio-8080-exec-3] o.s.security.web.FilterChainProxy        : Secured POST /auth/refresh
2026-03-12T17:53:42.627+07:00 DEBUG 21236 --- [management] [http-nio-8080-exec-9] o.s.security.web.FilterChainProxy        : Secured POST /auth/refresh
2026-03-12T17:53:42.646+07:00 DEBUG 21236 --- [management] [http-nio-8080-exec-10] o.s.security.web.FilterChainProxy        : Securing POST /auth/refresh
2026-03-12T17:53:42.648+07:00 DEBUG 21236 --- [management] [http-nio-8080-exec-10] o.s.s.w.a.AnonymousAuthenticationFilter  : Set SecurityContextHolder to anonymous SecurityContext
2026-03-12T17:53:42.649+07:00 DEBUG 21236 --- [management] [http-nio-8080-exec-10] o.s.security.web.FilterChainProxy        : Secured POST /auth/refresh
2026-03-12T17:53:51.515+07:00 DEBUG 21236 --- [management] [http-nio-8080-exec-1] o.s.security.web.FilterChainProxy        : Securing POST /auth/refresh
2026-03-12T17:53:51.515+07:00 DEBUG 21236 --- [management] [http-nio-8080-exec-2] o.s.security.web.FilterChainProxy        : Securing POST /auth/refresh
2026-03-12T17:53:51.516+07:00 DEBUG 21236 --- [management] [http-nio-8080-exec-1] o.s.s.w.a.AnonymousAuthenticationFilter  : Set SecurityContextHolder to anonymous SecurityContext
2026-03-12T17:53:51.516+07:00 DEBUG 21236 --- [management] [http-nio-8080-exec-2] o.s.s.w.a.AnonymousAuthenticationFilter  : Set SecurityContextHolder to anonymous SecurityContext
2026-03-12T17:53:51.517+07:00 DEBUG 21236 --- [management] [http-nio-8080-exec-1] o.s.security.web.FilterChainProxy        : Secured POST /auth/refresh
2026-03-12T17:53:51.517+07:00 DEBUG 21236 --- [management] [http-nio-8080-exec-2] o.s.security.web.FilterChainProxy        : Secured POST /auth/refresh
2026-03-12T17:53:51.528+07:00 DEBUG 21236 --- [management] [http-nio-8080-exec-4] o.s.security.web.FilterChainProxy        : Securing POST /auth/refresh
2026-03-12T17:53:51.528+07:00 DEBUG 21236 --- [management] [http-nio-8080-exec-4] o.s.s.w.a.AnonymousAuthenticationFilter  : Set SecurityContextHolder to anonymous SecurityContext
2026-03-12T17:53:51.529+07:00 DEBUG 21236 --- [management] [http-nio-8080-exec-4] o.s.security.web.FilterChainProxy        : Secured POST /auth/refresh
